{"numTotalTestSuites":2,"numPassedTestSuites":2,"numFailedTestSuites":0,"numPendingTestSuites":0,"numTotalTests":4,"numPassedTests":4,"numFailedTests":0,"numPendingTests":0,"numTodoTests":0,"startTime":1709300096142,"success":true,"testResults":[{"assertionResults":[{"ancestorTitles":["","Basic maths"],"fullName":" Basic maths adds two numbers","status":"passed","title":"adds two numbers","duration":2,"failureMessages":[]},{"ancestorTitles":["","Basic maths"],"fullName":" Basic maths subtracts two numbers","status":"passed","title":"subtracts two numbers","duration":0,"failureMessages":[]},{"ancestorTitles":["","Basic maths"],"fullName":" Basic maths multiplies two numbers","status":"passed","title":"multiplies two numbers","duration":0,"failureMessages":[]},{"ancestorTitles":["","Basic maths"],"fullName":" Basic maths divides two numbers","status":"passed","title":"divides two numbers","duration":0,"failureMessages":[]}],"startTime":1709300096653,"endTime":1709300096656,"status":"passed","message":"","name":"/home/jb09/new-app/src/tests/add.test.ts"}]}